<?xml version="1.0" encoding="UTF-8"?>
<testsuite xmlns:xsi="http://www.w3.org/2001/XMLSchema-instance" xsi:noNamespaceSchemaLocation="https://maven.apache.org/surefire/maven-surefire-plugin/xsd/surefire-test-report.xsd" version="3.0.2" name="tw.edu.nptu.oop.EnvCheckTest" time="0.234" tests="2" errors="0" skipped="0" failures="0">
  <properties>
[...]
</properties>
  <testcase name="blankUsesDefaultMessage" classname="tw.edu.nptu.oop.EnvCheckTest" time="0.105"/>
  <testcase name="messageUsesName" classname="tw.edu.nptu.oop.EnvCheckTest" time="0.019"/>
</testsuite>